I, [2018-04-18T21:58:47.731772 #6191]  INFO -- : 
Request: GET /tests/101
Handler: TestsController#show
Parameters: {:id=>101}
Response: 200 text/html tests/show.html.erb

I, [2018-04-18T21:59:28.899993 #6248]  INFO -- : 
Request: GET /tests/101
Handler: TestsController#show
Parameters: {:id=>101}
Response: 200 text/html tests/show.html.erb

I, [2018-04-18T22:00:04.037613 #6248]  INFO -- : 
Request: GET /tests/0
Handler: TestsController#show
Parameters: {:id=>0}
Response: 200 text/html tests/show.html.erb

I, [2018-04-18T22:00:06.574354 #6248]  INFO -- : 
Request: GET /tests
Handler: TestsController#index
Parameters: {}
Response: 201 text/plain 

